D:\lhs\Courses\Angular2\Course1\Course_1_AngularDemo\src\app\app.component.js
D:\lhs\Courses\Angular2\Course1\Course_1_AngularDemo\src\app\app.component.js.map
D:\lhs\Courses\Angular2\Course1\Course_1_AngularDemo\src\app\employee\employee.component.js
D:\lhs\Courses\Angular2\Course1\Course_1_AngularDemo\src\app\employee\employee.component.js.map
D:\lhs\Courses\Angular2\Course1\Course_1_AngularDemo\src\app\app.module.js
D:\lhs\Courses\Angular2\Course1\Course_1_AngularDemo\src\app\app.module.js.map
D:\lhs\Courses\Angular2\Course1\Course_1_AngularDemo\src\main.js
D:\lhs\Courses\Angular2\Course1\Course_1_AngularDemo\src\main.js.map
D:\lhs\Courses\Angular2\Course1\Course_1_AngularDemo\src\app\app.component.spec.js
D:\lhs\Courses\Angular2\Course1\Course_1_AngularDemo\src\app\app.component.spec.js.map
D:\lhs\Courses\Angular2\Course1\Course_1_AngularDemo\src\app\app.component.js
D:\lhs\Courses\Angular2\Course1\Course_1_AngularDemo\src\app\app.component.js.map
D:\lhs\Courses\Angular2\Course1\Course_1_AngularDemo\src\app\employee\employee.component.js
D:\lhs\Courses\Angular2\Course1\Course_1_AngularDemo\src\app\employee\employee.component.js.map
D:\lhs\Courses\Angular2\Course1\Course_1_AngularDemo\src\app\app.module.js
D:\lhs\Courses\Angular2\Course1\Course_1_AngularDemo\src\app\app.module.js.map
D:\lhs\Courses\Angular2\Course1\Course_1_AngularDemo\src\main.js
D:\lhs\Courses\Angular2\Course1\Course_1_AngularDemo\src\main.js.map
D:\lhs\Courses\Angular2\Course1\Course_1_AngularDemo\src\app\app.component.spec.js
D:\lhs\Courses\Angular2\Course1\Course_1_AngularDemo\src\app\app.component.spec.js.map
D:\lhs\Courses\Angular2\Course1\Course_1_AngularDemo\src\app\app.component.js
D:\lhs\Courses\Angular2\Course1\Course_1_AngularDemo\src\app\app.component.js.map
D:\lhs\Courses\Angular2\Course1\Course_1_AngularDemo\src\app\employee\employee.component.js
D:\lhs\Courses\Angular2\Course1\Course_1_AngularDemo\src\app\employee\employee.component.js.map
D:\lhs\Courses\Angular2\Course1\Course_1_AngularDemo\src\app\app.module.js
D:\lhs\Courses\Angular2\Course1\Course_1_AngularDemo\src\app\app.module.js.map
D:\lhs\Courses\Angular2\Course1\Course_1_AngularDemo\src\main.js
D:\lhs\Courses\Angular2\Course1\Course_1_AngularDemo\src\main.js.map
D:\lhs\Courses\Angular2\Course1\Course_1_AngularDemo\src\app\app.component.spec.js
D:\lhs\Courses\Angular2\Course1\Course_1_AngularDemo\src\app\app.component.spec.js.map
D:\lhs\Courses\Angular2\Course1\Course_1_AngularDemo\src\app\app.component.js
D:\lhs\Courses\Angular2\Course1\Course_1_AngularDemo\src\app\app.component.js.map
D:\lhs\Courses\Angular2\Course1\Course_1_AngularDemo\src\app\employee\employee.component.js
D:\lhs\Courses\Angular2\Course1\Course_1_AngularDemo\src\app\employee\employee.component.js.map
D:\lhs\Courses\Angular2\Course1\Course_1_AngularDemo\src\app\app.module.js
D:\lhs\Courses\Angular2\Course1\Course_1_AngularDemo\src\app\app.module.js.map
D:\lhs\Courses\Angular2\Course1\Course_1_AngularDemo\src\main.js
D:\lhs\Courses\Angular2\Course1\Course_1_AngularDemo\src\main.js.map
D:\lhs\Courses\Angular2\Course1\Course_1_AngularDemo\src\app\app.component.spec.js
D:\lhs\Courses\Angular2\Course1\Course_1_AngularDemo\src\app\app.component.spec.js.map
D:\lhs\Courses\Angular2\Course1\Course_1_AngularDemo\src\app\app.component.js
D:\lhs\Courses\Angular2\Course1\Course_1_AngularDemo\src\app\app.component.js.map
D:\lhs\Courses\Angular2\Course1\Course_1_AngularDemo\src\app\employee\employee.component.js
D:\lhs\Courses\Angular2\Course1\Course_1_AngularDemo\src\app\employee\employee.component.js.map
D:\lhs\Courses\Angular2\Course1\Course_1_AngularDemo\src\app\app.module.js
D:\lhs\Courses\Angular2\Course1\Course_1_AngularDemo\src\app\app.module.js.map
D:\lhs\Courses\Angular2\Course1\Course_1_AngularDemo\src\main.js
D:\lhs\Courses\Angular2\Course1\Course_1_AngularDemo\src\main.js.map
D:\lhs\Courses\Angular2\Course1\Course_1_AngularDemo\src\app\app.component.spec.js
D:\lhs\Courses\Angular2\Course1\Course_1_AngularDemo\src\app\app.component.spec.js.map
D:\lhs\Courses\Angular2\Course1\Course_1_AngularDemo\src\app\app.component.js
D:\lhs\Courses\Angular2\Course1\Course_1_AngularDemo\src\app\app.component.js.map
D:\lhs\Courses\Angular2\Course1\Course_1_AngularDemo\src\app\employee\employee.component.js
D:\lhs\Courses\Angular2\Course1\Course_1_AngularDemo\src\app\employee\employee.component.js.map
D:\lhs\Courses\Angular2\Course1\Course_1_AngularDemo\src\app\app.module.js
D:\lhs\Courses\Angular2\Course1\Course_1_AngularDemo\src\app\app.module.js.map
D:\lhs\Courses\Angular2\Course1\Course_1_AngularDemo\src\main.js
D:\lhs\Courses\Angular2\Course1\Course_1_AngularDemo\src\main.js.map
D:\lhs\Courses\Angular2\Course1\Course_1_AngularDemo\src\app\app.component.spec.js
D:\lhs\Courses\Angular2\Course1\Course_1_AngularDemo\src\app\app.component.spec.js.map
D:\lhs\Courses\Angular2\Course1\Course_1_AngularDemo\src\app\app.component.js
D:\lhs\Courses\Angular2\Course1\Course_1_AngularDemo\src\app\app.component.js.map
D:\lhs\Courses\Angular2\Course1\Course_1_AngularDemo\src\app\employee\employee.component.js
D:\lhs\Courses\Angular2\Course1\Course_1_AngularDemo\src\app\employee\employee.component.js.map
D:\lhs\Courses\Angular2\Course1\Course_1_AngularDemo\src\app\app.module.js
D:\lhs\Courses\Angular2\Course1\Course_1_AngularDemo\src\app\app.module.js.map
D:\lhs\Courses\Angular2\Course1\Course_1_AngularDemo\src\main.js
D:\lhs\Courses\Angular2\Course1\Course_1_AngularDemo\src\main.js.map
D:\lhs\Courses\Angular2\Course1\Course_1_AngularDemo\src\app\app.component.spec.js
D:\lhs\Courses\Angular2\Course1\Course_1_AngularDemo\src\app\app.component.spec.js.map
D:\lhs\Courses\Angular2\Course1\Course_1_AngularDemo\src\app\app.component.js
D:\lhs\Courses\Angular2\Course1\Course_1_AngularDemo\src\app\app.component.js.map
D:\lhs\Courses\Angular2\Course1\Course_1_AngularDemo\src\app\employee\employee.component.js
D:\lhs\Courses\Angular2\Course1\Course_1_AngularDemo\src\app\employee\employee.component.js.map
D:\lhs\Courses\Angular2\Course1\Course_1_AngularDemo\src\app\app.module.js
D:\lhs\Courses\Angular2\Course1\Course_1_AngularDemo\src\app\app.module.js.map
D:\lhs\Courses\Angular2\Course1\Course_1_AngularDemo\src\main.js
D:\lhs\Courses\Angular2\Course1\Course_1_AngularDemo\src\main.js.map
D:\lhs\Courses\Angular2\Course1\Course_1_AngularDemo\src\app\app.component.spec.js
D:\lhs\Courses\Angular2\Course1\Course_1_AngularDemo\src\app\app.component.spec.js.map
D:\lhs\Courses\Angular2\Course1\Course_1_AngularDemo\src\app\app.component.js
D:\lhs\Courses\Angular2\Course1\Course_1_AngularDemo\src\app\app.component.js.map
D:\lhs\Courses\Angular2\Course1\Course_1_AngularDemo\src\app\employee\employee.component.js
D:\lhs\Courses\Angular2\Course1\Course_1_AngularDemo\src\app\employee\employee.component.js.map
D:\lhs\Courses\Angular2\Course1\Course_1_AngularDemo\src\app\app.module.js
D:\lhs\Courses\Angular2\Course1\Course_1_AngularDemo\src\app\app.module.js.map
D:\lhs\Courses\Angular2\Course1\Course_1_AngularDemo\src\main.js
D:\lhs\Courses\Angular2\Course1\Course_1_AngularDemo\src\main.js.map
D:\lhs\Courses\Angular2\Course1\Course_1_AngularDemo\src\app\app.component.spec.js
D:\lhs\Courses\Angular2\Course1\Course_1_AngularDemo\src\app\app.component.spec.js.map
D:\lhs\Courses\Angular2\Course1\Course_1_AngularDemo\src\app\app.component.js
D:\lhs\Courses\Angular2\Course1\Course_1_AngularDemo\src\app\app.component.js.map
D:\lhs\Courses\Angular2\Course1\Course_1_AngularDemo\src\app\employee\employee.component.js
D:\lhs\Courses\Angular2\Course1\Course_1_AngularDemo\src\app\employee\employee.component.js.map
D:\lhs\Courses\Angular2\Course1\Course_1_AngularDemo\src\app\app.module.js
D:\lhs\Courses\Angular2\Course1\Course_1_AngularDemo\src\app\app.module.js.map
D:\lhs\Courses\Angular2\Course1\Course_1_AngularDemo\src\main.js
D:\lhs\Courses\Angular2\Course1\Course_1_AngularDemo\src\main.js.map
D:\lhs\Courses\Angular2\Course1\Course_1_AngularDemo\src\app\app.component.spec.js
D:\lhs\Courses\Angular2\Course1\Course_1_AngularDemo\src\app\app.component.spec.js.map
D:\lhs\Courses\Angular2\Course1\Course_1_AngularDemo\src\app\app.component.js
D:\lhs\Courses\Angular2\Course1\Course_1_AngularDemo\src\app\app.component.js.map
D:\lhs\Courses\Angular2\Course1\Course_1_AngularDemo\src\app\employee\employee.component.js
D:\lhs\Courses\Angular2\Course1\Course_1_AngularDemo\src\app\employee\employee.component.js.map
D:\lhs\Courses\Angular2\Course1\Course_1_AngularDemo\src\app\app.module.js
D:\lhs\Courses\Angular2\Course1\Course_1_AngularDemo\src\app\app.module.js.map
D:\lhs\Courses\Angular2\Course1\Course_1_AngularDemo\src\main.js
D:\lhs\Courses\Angular2\Course1\Course_1_AngularDemo\src\main.js.map
D:\lhs\Courses\Angular2\Course1\Course_1_AngularDemo\src\app\app.component.spec.js
D:\lhs\Courses\Angular2\Course1\Course_1_AngularDemo\src\app\app.component.spec.js.map
D:\lhs\Courses\Angular2\Course1\Course_1_AngularDemo\src\app\app.component.js
D:\lhs\Courses\Angular2\Course1\Course_1_AngularDemo\src\app\app.component.js.map
D:\lhs\Courses\Angular2\Course1\Course_1_AngularDemo\src\app\employee\employee.component.js
D:\lhs\Courses\Angular2\Course1\Course_1_AngularDemo\src\app\employee\employee.component.js.map
D:\lhs\Courses\Angular2\Course1\Course_1_AngularDemo\src\app\app.module.js
D:\lhs\Courses\Angular2\Course1\Course_1_AngularDemo\src\app\app.module.js.map
D:\lhs\Courses\Angular2\Course1\Course_1_AngularDemo\src\main.js
D:\lhs\Courses\Angular2\Course1\Course_1_AngularDemo\src\main.js.map
D:\lhs\Courses\Angular2\Course1\Course_1_AngularDemo\src\app\app.component.spec.js
D:\lhs\Courses\Angular2\Course1\Course_1_AngularDemo\src\app\app.component.spec.js.map
D:\lhs\Courses\Angular2\Course1\Course_1_AngularDemo\src\app\app.component.js
D:\lhs\Courses\Angular2\Course1\Course_1_AngularDemo\src\app\app.component.js.map
D:\lhs\Courses\Angular2\Course1\Course_1_AngularDemo\src\app\employee\employee.component.js
D:\lhs\Courses\Angular2\Course1\Course_1_AngularDemo\src\app\employee\employee.component.js.map
D:\lhs\Courses\Angular2\Course1\Course_1_AngularDemo\src\app\app.module.js
D:\lhs\Courses\Angular2\Course1\Course_1_AngularDemo\src\app\app.module.js.map
D:\lhs\Courses\Angular2\Course1\Course_1_AngularDemo\src\main.js
D:\lhs\Courses\Angular2\Course1\Course_1_AngularDemo\src\main.js.map
D:\lhs\Courses\Angular2\Course1\Course_1_AngularDemo\src\app\app.component.spec.js
D:\lhs\Courses\Angular2\Course1\Course_1_AngularDemo\src\app\app.component.spec.js.map
D:\lhs\Courses\Angular2\Course1\Course_1_AngularDemo\src\app\app.component.js
D:\lhs\Courses\Angular2\Course1\Course_1_AngularDemo\src\app\app.component.js.map
D:\lhs\Courses\Angular2\Course1\Course_1_AngularDemo\src\app\employee\employee.component.js
D:\lhs\Courses\Angular2\Course1\Course_1_AngularDemo\src\app\employee\employee.component.js.map
D:\lhs\Courses\Angular2\Course1\Course_1_AngularDemo\src\app\app.module.js
D:\lhs\Courses\Angular2\Course1\Course_1_AngularDemo\src\app\app.module.js.map
D:\lhs\Courses\Angular2\Course1\Course_1_AngularDemo\src\main.js
D:\lhs\Courses\Angular2\Course1\Course_1_AngularDemo\src\main.js.map
D:\lhs\Courses\Angular2\Course1\Course_1_AngularDemo\src\app\app.component.spec.js
D:\lhs\Courses\Angular2\Course1\Course_1_AngularDemo\src\app\app.component.spec.js.map
D:\lhs\Courses\Angular2\Course1\Course_1_AngularDemo\src\app\app.component.js
D:\lhs\Courses\Angular2\Course1\Course_1_AngularDemo\src\app\app.component.js.map
D:\lhs\Courses\Angular2\Course1\Course_1_AngularDemo\src\app\employee\employee.component.js
D:\lhs\Courses\Angular2\Course1\Course_1_AngularDemo\src\app\employee\employee.component.js.map
D:\lhs\Courses\Angular2\Course1\Course_1_AngularDemo\src\app\app.module.js
D:\lhs\Courses\Angular2\Course1\Course_1_AngularDemo\src\app\app.module.js.map
D:\lhs\Courses\Angular2\Course1\Course_1_AngularDemo\src\main.js
D:\lhs\Courses\Angular2\Course1\Course_1_AngularDemo\src\main.js.map
D:\lhs\Courses\Angular2\Course1\Course_1_AngularDemo\src\app\app.component.spec.js
D:\lhs\Courses\Angular2\Course1\Course_1_AngularDemo\src\app\app.component.spec.js.map
D:\lhs\Courses\Angular2\Course1\Course_1_AngularDemo\src\app\app.component.js
D:\lhs\Courses\Angular2\Course1\Course_1_AngularDemo\src\app\app.component.js.map
D:\lhs\Courses\Angular2\Course1\Course_1_AngularDemo\src\app\employee\employee.component.js
D:\lhs\Courses\Angular2\Course1\Course_1_AngularDemo\src\app\employee\employee.component.js.map
D:\lhs\Courses\Angular2\Course1\Course_1_AngularDemo\src\app\app.module.js
D:\lhs\Courses\Angular2\Course1\Course_1_AngularDemo\src\app\app.module.js.map
D:\lhs\Courses\Angular2\Course1\Course_1_AngularDemo\src\main.js
D:\lhs\Courses\Angular2\Course1\Course_1_AngularDemo\src\main.js.map
D:\lhs\Courses\Angular2\Course1\Course_1_AngularDemo\src\app\app.component.spec.js
D:\lhs\Courses\Angular2\Course1\Course_1_AngularDemo\src\app\app.component.spec.js.map
D:\lhs\Courses\Angular2\Course1\Course_1_AngularDemo\src\app\app.component.js
D:\lhs\Courses\Angular2\Course1\Course_1_AngularDemo\src\app\app.component.js.map
D:\lhs\Courses\Angular2\Course1\Course_1_AngularDemo\src\app\employee\employee.component.js
D:\lhs\Courses\Angular2\Course1\Course_1_AngularDemo\src\app\employee\employee.component.js.map
D:\lhs\Courses\Angular2\Course1\Course_1_AngularDemo\src\app\app.module.js
D:\lhs\Courses\Angular2\Course1\Course_1_AngularDemo\src\app\app.module.js.map
D:\lhs\Courses\Angular2\Course1\Course_1_AngularDemo\src\main.js
D:\lhs\Courses\Angular2\Course1\Course_1_AngularDemo\src\main.js.map
D:\lhs\Courses\Angular2\Course1\Course_1_AngularDemo\src\app\app.component.spec.js
D:\lhs\Courses\Angular2\Course1\Course_1_AngularDemo\src\app\app.component.spec.js.map
D:\lhs\Courses\Angular2\Course1\Course_1_AngularDemo\src\app\app.component.js
D:\lhs\Courses\Angular2\Course1\Course_1_AngularDemo\src\app\app.component.js.map
D:\lhs\Courses\Angular2\Course1\Course_1_AngularDemo\src\app\employee\employee.component.js
D:\lhs\Courses\Angular2\Course1\Course_1_AngularDemo\src\app\employee\employee.component.js.map
D:\lhs\Courses\Angular2\Course1\Course_1_AngularDemo\src\app\app.module.js
D:\lhs\Courses\Angular2\Course1\Course_1_AngularDemo\src\app\app.module.js.map
D:\lhs\Courses\Angular2\Course1\Course_1_AngularDemo\src\main.js
D:\lhs\Courses\Angular2\Course1\Course_1_AngularDemo\src\main.js.map
D:\lhs\Courses\Angular2\Course1\Course_1_AngularDemo\src\app\app.component.spec.js
D:\lhs\Courses\Angular2\Course1\Course_1_AngularDemo\src\app\app.component.spec.js.map
D:\lhs\Courses\Angular2\Course1\Course_1_AngularDemo\src\app\app.component.js
D:\lhs\Courses\Angular2\Course1\Course_1_AngularDemo\src\app\app.component.js.map
D:\lhs\Courses\Angular2\Course1\Course_1_AngularDemo\src\app\employee\employee.component.js
D:\lhs\Courses\Angular2\Course1\Course_1_AngularDemo\src\app\employee\employee.component.js.map
D:\lhs\Courses\Angular2\Course1\Course_1_AngularDemo\src\app\app.module.js
D:\lhs\Courses\Angular2\Course1\Course_1_AngularDemo\src\app\app.module.js.map
D:\lhs\Courses\Angular2\Course1\Course_1_AngularDemo\src\main.js
D:\lhs\Courses\Angular2\Course1\Course_1_AngularDemo\src\main.js.map
D:\lhs\Courses\Angular2\Course1\Course_1_AngularDemo\src\app\app.component.spec.js
D:\lhs\Courses\Angular2\Course1\Course_1_AngularDemo\src\app\app.component.spec.js.map
D:\lhs\Courses\Angular2\Course1\Course_1_AngularDemo\src\app\app.component.js
D:\lhs\Courses\Angular2\Course1\Course_1_AngularDemo\src\app\app.component.js.map
D:\lhs\Courses\Angular2\Course1\Course_1_AngularDemo\src\app\employee\employee.component.js
D:\lhs\Courses\Angular2\Course1\Course_1_AngularDemo\src\app\employee\employee.component.js.map
D:\lhs\Courses\Angular2\Course1\Course_1_AngularDemo\src\app\app.module.js
D:\lhs\Courses\Angular2\Course1\Course_1_AngularDemo\src\app\app.module.js.map
D:\lhs\Courses\Angular2\Course1\Course_1_AngularDemo\src\main.js
D:\lhs\Courses\Angular2\Course1\Course_1_AngularDemo\src\main.js.map
D:\lhs\Courses\Angular2\Course1\Course_1_AngularDemo\src\app\app.component.spec.js
D:\lhs\Courses\Angular2\Course1\Course_1_AngularDemo\src\app\app.component.spec.js.map
D:\lhs\Courses\Angular2\Course1\Course_1_AngularDemo\src\app\app.component.js
D:\lhs\Courses\Angular2\Course1\Course_1_AngularDemo\src\app\app.component.js.map
D:\lhs\Courses\Angular2\Course1\Course_1_AngularDemo\src\app\employee\employee.component.js
D:\lhs\Courses\Angular2\Course1\Course_1_AngularDemo\src\app\employee\employee.component.js.map
D:\lhs\Courses\Angular2\Course1\Course_1_AngularDemo\src\app\app.module.js
D:\lhs\Courses\Angular2\Course1\Course_1_AngularDemo\src\app\app.module.js.map
D:\lhs\Courses\Angular2\Course1\Course_1_AngularDemo\src\main.js
D:\lhs\Courses\Angular2\Course1\Course_1_AngularDemo\src\main.js.map
D:\lhs\Courses\Angular2\Course1\Course_1_AngularDemo\src\app\app.component.spec.js
D:\lhs\Courses\Angular2\Course1\Course_1_AngularDemo\src\app\app.component.spec.js.map
D:\lhs\Courses\Angular2\Course1\Course_1_AngularDemo\src\app\app.component.js
D:\lhs\Courses\Angular2\Course1\Course_1_AngularDemo\src\app\app.component.js.map
D:\lhs\Courses\Angular2\Course1\Course_1_AngularDemo\src\app\employee\employee.component.js
D:\lhs\Courses\Angular2\Course1\Course_1_AngularDemo\src\app\employee\employee.component.js.map
D:\lhs\Courses\Angular2\Course1\Course_1_AngularDemo\src\app\app.module.js
D:\lhs\Courses\Angular2\Course1\Course_1_AngularDemo\src\app\app.module.js.map
D:\lhs\Courses\Angular2\Course1\Course_1_AngularDemo\src\main.js
D:\lhs\Courses\Angular2\Course1\Course_1_AngularDemo\src\main.js.map
D:\lhs\Courses\Angular2\Course1\Course_1_AngularDemo\src\app\app.component.spec.js
D:\lhs\Courses\Angular2\Course1\Course_1_AngularDemo\src\app\app.component.spec.js.map
D:\lhs\Courses\Angular2\Course1\Course_1_AngularDemo\src\app\app.component.js
D:\lhs\Courses\Angular2\Course1\Course_1_AngularDemo\src\app\app.component.js.map
D:\lhs\Courses\Angular2\Course1\Course_1_AngularDemo\src\app\employee\employee.component.js
D:\lhs\Courses\Angular2\Course1\Course_1_AngularDemo\src\app\employee\employee.component.js.map
D:\lhs\Courses\Angular2\Course1\Course_1_AngularDemo\src\app\app.module.js
D:\lhs\Courses\Angular2\Course1\Course_1_AngularDemo\src\app\app.module.js.map
D:\lhs\Courses\Angular2\Course1\Course_1_AngularDemo\src\main.js
D:\lhs\Courses\Angular2\Course1\Course_1_AngularDemo\src\main.js.map
D:\lhs\Courses\Angular2\Course1\Course_1_AngularDemo\src\app\app.component.spec.js
D:\lhs\Courses\Angular2\Course1\Course_1_AngularDemo\src\app\app.component.spec.js.map
D:\lhs\Courses\Angular2\Course1\Course_1_AngularDemo\src\app\app.component.js
D:\lhs\Courses\Angular2\Course1\Course_1_AngularDemo\src\app\app.component.js.map
D:\lhs\Courses\Angular2\Course1\Course_1_AngularDemo\src\app\employee\employee.component.js
D:\lhs\Courses\Angular2\Course1\Course_1_AngularDemo\src\app\employee\employee.component.js.map
D:\lhs\Courses\Angular2\Course1\Course_1_AngularDemo\src\app\app.module.js
D:\lhs\Courses\Angular2\Course1\Course_1_AngularDemo\src\app\app.module.js.map
D:\lhs\Courses\Angular2\Course1\Course_1_AngularDemo\src\main.js
D:\lhs\Courses\Angular2\Course1\Course_1_AngularDemo\src\main.js.map
D:\lhs\Courses\Angular2\Course1\Course_1_AngularDemo\src\app\app.component.spec.js
D:\lhs\Courses\Angular2\Course1\Course_1_AngularDemo\src\app\app.component.spec.js.map
D:\lhs\Courses\Angular2\Course1\Course_1_AngularDemo\src\app\app.component.js
D:\lhs\Courses\Angular2\Course1\Course_1_AngularDemo\src\app\app.component.js.map
D:\lhs\Courses\Angular2\Course1\Course_1_AngularDemo\src\app\employee\employee.component.js
D:\lhs\Courses\Angular2\Course1\Course_1_AngularDemo\src\app\employee\employee.component.js.map
D:\lhs\Courses\Angular2\Course1\Course_1_AngularDemo\src\app\app.module.js
D:\lhs\Courses\Angular2\Course1\Course_1_AngularDemo\src\app\app.module.js.map
D:\lhs\Courses\Angular2\Course1\Course_1_AngularDemo\src\main.js
D:\lhs\Courses\Angular2\Course1\Course_1_AngularDemo\src\main.js.map
D:\lhs\Courses\Angular2\Course1\Course_1_AngularDemo\src\app\app.component.spec.js
D:\lhs\Courses\Angular2\Course1\Course_1_AngularDemo\src\app\app.component.spec.js.map
D:\lhs\Courses\Angular2\Course1\Course_1_AngularDemo\src\app\app.component.js
D:\lhs\Courses\Angular2\Course1\Course_1_AngularDemo\src\app\app.component.js.map
D:\lhs\Courses\Angular2\Course1\Course_1_AngularDemo\src\app\employee\employee.component.js
D:\lhs\Courses\Angular2\Course1\Course_1_AngularDemo\src\app\employee\employee.component.js.map
D:\lhs\Courses\Angular2\Course1\Course_1_AngularDemo\src\app\app.module.js
D:\lhs\Courses\Angular2\Course1\Course_1_AngularDemo\src\app\app.module.js.map
D:\lhs\Courses\Angular2\Course1\Course_1_AngularDemo\src\main.js
D:\lhs\Courses\Angular2\Course1\Course_1_AngularDemo\src\main.js.map
D:\lhs\Courses\Angular2\Course1\Course_1_AngularDemo\src\app\app.component.spec.js
D:\lhs\Courses\Angular2\Course1\Course_1_AngularDemo\src\app\app.component.spec.js.map
D:\lhs\Courses\Angular2\Course1\Course_1_AngularDemo\src\app\app.component.js
D:\lhs\Courses\Angular2\Course1\Course_1_AngularDemo\src\app\app.component.js.map
D:\lhs\Courses\Angular2\Course1\Course_1_AngularDemo\src\app\employee\employee.component.js
D:\lhs\Courses\Angular2\Course1\Course_1_AngularDemo\src\app\employee\employee.component.js.map
D:\lhs\Courses\Angular2\Course1\Course_1_AngularDemo\src\app\app.module.js
D:\lhs\Courses\Angular2\Course1\Course_1_AngularDemo\src\app\app.module.js.map
D:\lhs\Courses\Angular2\Course1\Course_1_AngularDemo\src\main.js
D:\lhs\Courses\Angular2\Course1\Course_1_AngularDemo\src\main.js.map
D:\lhs\Courses\Angular2\Course1\Course_1_AngularDemo\src\app\app.component.spec.js
D:\lhs\Courses\Angular2\Course1\Course_1_AngularDemo\src\app\app.component.spec.js.map
D:\lhs\Courses\Angular2\Course1\Course_1_AngularDemo\src\app\app.component.js
D:\lhs\Courses\Angular2\Course1\Course_1_AngularDemo\src\app\app.component.js.map
D:\lhs\Courses\Angular2\Course1\Course_1_AngularDemo\src\app\employee\employee.component.js
D:\lhs\Courses\Angular2\Course1\Course_1_AngularDemo\src\app\employee\employee.component.js.map
D:\lhs\Courses\Angular2\Course1\Course_1_AngularDemo\src\app\app.module.js
D:\lhs\Courses\Angular2\Course1\Course_1_AngularDemo\src\app\app.module.js.map
D:\lhs\Courses\Angular2\Course1\Course_1_AngularDemo\src\main.js
D:\lhs\Courses\Angular2\Course1\Course_1_AngularDemo\src\main.js.map
D:\lhs\Courses\Angular2\Course1\Course_1_AngularDemo\src\app\app.component.spec.js
D:\lhs\Courses\Angular2\Course1\Course_1_AngularDemo\src\app\app.component.spec.js.map
